<?xml version="1.0" encoding="UTF-8"?>
<testng-results skipped="0" failed="0" ignored="0" total="1" passed="1">
  <reporter-output>
  </reporter-output>
  <suite name="Default suite" duration-ms="6961" started-at="2019-04-04T02:44:32Z" finished-at="2019-04-04T02:44:39Z">
    <groups>
    </groups>
    <test name="Default test" duration-ms="6961" started-at="2019-04-04T02:44:32Z" finished-at="2019-04-04T02:44:39Z">
      <class name="testPackage.GoogleTest">
        <test-method status="PASS" signature="SetUp()[pri:0, instance:testPackage.GoogleTest@6b9651f3]" name="SetUp" is-config="true" duration-ms="5846" started-at="2019-04-04T02:44:32Z" finished-at="2019-04-04T02:44:37Z">
          <reporter-output>
          </reporter-output>
        </test-method> <!-- SetUp -->
        <test-method status="PASS" signature="googleTitleTest()[pri:0, instance:testPackage.GoogleTest@6b9651f3]" name="googleTitleTest" duration-ms="26" started-at="2019-04-04T02:44:37Z" finished-at="2019-04-04T02:44:37Z">
          <reporter-output>
          </reporter-output>
        </test-method> <!-- googleTitleTest -->
        <test-method status="PASS" signature="tearDown()[pri:0, instance:testPackage.GoogleTest@6b9651f3]" name="tearDown" is-config="true" duration-ms="1067" started-at="2019-04-04T02:44:37Z" finished-at="2019-04-04T02:44:39Z">
          <reporter-output>
          </reporter-output>
        </test-method> <!-- tearDown -->
      </class> <!-- testPackage.GoogleTest -->
    </test> <!-- Default test -->
  </suite> <!-- Default suite -->
</testng-results>
